<?xml version="1.0" encoding="UTF-8"?>
<!-- Generated by org.testng.reporters.JUnitReportReporter -->
<testsuite skipped="0" hostname="LAPTOP-5UH6HAH1" name="com.Appium.LaunchWhatsApp" tests="1" failures="0" timestamp="09 Feb 2020 10:40:40 GMT" time="6.973" errors="0">
  <testcase name="whatsAppProgram" time="6.973" classname="com.Appium.LaunchWhatsApp"/>
</testsuite> <!-- com.Appium.LaunchWhatsApp -->
