<?xml version="1.0" encoding="UTF-8"?>
<!-- Generated by org.testng.reporters.JUnitReportReporter -->
<testsuite skipped="1" hostname="LAPTOP-5UH6HAH1" name="com.Appium.RedBus" tests="2" failures="0" timestamp="09 Feb 2020 10:45:48 GMT" time="21.622" errors="1">
  <testcase name="beforeTest" time="21.621" classname="com.Appium.RedBus">
    <error type="org.openqa.selenium.WebDriverException" message="An unknown server-side error occurred while processing the command. Original error: Cannot start the &#039;in.redbus.android&#039; application. Visit https://github.com/appium/appium/blob/master/docs/en/writing-running-appium/android/activity-startup.md for troubleshooting. Original error: Error executing adbExec. Original error: &#039;Command &#039;&#039;E:\\Appium\\Android SDK\\platform-tools\\adb.exe&#039; -P 5037 -s a8c810fd shell am start -W -n in.redbus.android/in.redbus.android.root.HomeScreen -S&#039; exited with code 255&#039;; Stderr: &#039;Security exception: Permission Denial: starting Intent { flg=0x10000000 cmp=in.redbus.android/.root.HomeScreen } from null (pid=14365, uid=2000) not exported from uid 10172

java.lang.SecurityException: Permission Denial: starting Intent { flg=0x10000000 cmp=in.redbus.android/.root.HomeScreen } from null (pid=14365, uid=2000) not exported from uid 10172
	at com.android.server.am.ActivityStackSupervisor.checkStartAnyActivityPermission(ActivityStackSupervisor.java:1957)
	at com.android.server.am.ActivityStarter.startActivity(ActivityStarter.java:1255)
	at com.android.server.am.ActivityStarter.startActivity(ActivityStarter.java:694)
	at com.android.server.am.ActivityStarter.startActivityMayWait(ActivityStarter.java:2357)
	at com.android.server.am.ActivityStarter.execute(ActivityStarter.java:632)
	at com.android.server.am.ActivityManagerService.startActivityAndWait(ActivityManagerService.java:6163)
	at com.android.server.am.ActivityManagerShellCommand.runStartActivity(ActivityManagerShellCommand.java:474)
	at com.android.server.am.ActivityManagerShellCommand.onCommand(ActivityManagerShellCommand.java:161)
	at android.os.ShellCommand.exec(ShellCommand.java:103)
	at com.android.server.am.ActivityManagerService.onShellCommand(ActivityManagerService.java:18995)
	at android.os.Binder.shellCommand(Binder.java:634)
	at android.os.Binder.onTransact(Binder.java:532)
	at android.app.IActivityManager$Stub.onTransact(IActivityManager.java:3513)
	at com.android.server.am.ActivityManagerService.onTransact(ActivityManagerService.java:3809)
	at com.android.server.am.OppoActivityManagerService.onTransact(OppoActivityManagerService.java:942)
	at android.os.Binder.execTransact(Binder.java:731)&#039;; Code: &#039;255&#039;
Build info: version: &#039;3.141.59&#039;, revision: &#039;e82be7d358&#039;, time: &#039;2018-11-14T08:17:03&#039;
System info: host: &#039;LAPTOP-5UH6HAH1&#039;, ip: &#039;192.168.56.1&#039;, os.name: &#039;Windows 10&#039;, os.arch: &#039;amd64&#039;, os.version: &#039;10.0&#039;, java.version: &#039;1.8.0_221&#039;
Driver info: driver.version: RemoteWebDriver
remote stacktrace: UnknownError: An unknown server-side error occurred while processing the command. Original error: Cannot start the &#039;in.redbus.android&#039; application. Visit https://github.com/appium/appium/blob/master/docs/en/writing-running-appium/android/activity-startup.md for troubleshooting. Original error: Error executing adbExec. Original error: &#039;Command &#039;&#039;E:\\Appium\\Android SDK\\platform-tools\\adb.exe&#039; -P 5037 -s a8c810fd shell am start -W -n in.redbus.android/in.redbus.android.root.HomeScreen -S&#039; exited with code 255&#039;; Stderr: &#039;Security exception: Permission Denial: starting Intent { flg=0x10000000 cmp=in.redbus.android/.root.HomeScreen } from null (pid=14365, uid=2000) not exported from uid 10172

java.lang.SecurityException: Permission Denial: starting Intent { flg=0x10000000 cmp=in.redbus.android/.root.HomeScreen } from null (pid=14365, uid=2000) not exported from uid 10172
	at com.android.server.am.ActivityStackSupervisor.checkStartAnyActivityPermission(ActivityStackSupervisor.java:1957)
	at com.android.server.am.ActivityStarter.startActivity(ActivityStarter.java:1255)
	at com.android.server.am.ActivityStarter.startActivity(ActivityStarter.java:694)
	at com.android.server.am.ActivityStarter.startActivityMayWait(ActivityStarter.java:2357)
	at com.android.server.am.ActivityStarter.execute(ActivityStarter.java:632)
	at com.android.server.am.ActivityManagerService.startActivityAndWait(ActivityManagerService.java:6163)
	at com.android.server.am.ActivityManagerShellCommand.runStartActivity(ActivityManagerShellCommand.java:474)
	at com.android.server.am.ActivityManagerShellCommand.onCommand(ActivityManagerShellCommand.java:161)
	at android.os.ShellCommand.exec(ShellCommand.java:103)
	at com.android.server.am.ActivityManagerService.onShellCommand(ActivityManagerService.java:18995)
	at android.os.Binder.shellCommand(Binder.java:634)
	at android.os.Binder.onTransact(Binder.java:532)
	at android.app.IActivityManager$Stub.onTransact(IActivityManager.java:3513)
	at com.android.server.am.ActivityManagerService.onTransact(ActivityManagerService.java:3809)
	at com.android.server.am.OppoActivityManagerService.onTransact(OppoActivityManagerService.java:942)
	at android.os.Binder.execTransact(Binder.java:731)&#039;; Code: &#039;255&#039;
    at getResponseForW3CError (C:\Users\uppal\AppData\Local\Programs\Appium\resources\app\node_modules\appium\node_modules\appium-base-driver\lib\protocol\errors.js:804:9)
    at asyncHandler (C:\Users\uppal\AppData\Local\Programs\Appium\resources\app\node_modules\appium\node_modules\appium-base-driver\lib\protocol\protocol.js:388:37)
    at process._tickCallback (internal/process/next_tick.js:68:7)">
      <![CDATA[org.openqa.selenium.WebDriverException: An unknown server-side error occurred while processing the command. Original error: Cannot start the 'in.redbus.android' application. Visit https://github.com/appium/appium/blob/master/docs/en/writing-running-appium/android/activity-startup.md for troubleshooting. Original error: Error executing adbExec. Original error: 'Command ''E:\\Appium\\Android SDK\\platform-tools\\adb.exe' -P 5037 -s a8c810fd shell am start -W -n in.redbus.android/in.redbus.android.root.HomeScreen -S' exited with code 255'; Stderr: 'Security exception: Permission Denial: starting Intent { flg=0x10000000 cmp=in.redbus.android/.root.HomeScreen } from null (pid=14365, uid=2000) not exported from uid 10172

java.lang.SecurityException: Permission Denial: starting Intent { flg=0x10000000 cmp=in.redbus.android/.root.HomeScreen } from null (pid=14365, uid=2000) not exported from uid 10172
	at com.android.server.am.ActivityStackSupervisor.checkStartAnyActivityPermission(ActivityStackSupervisor.java:1957)
	at com.android.server.am.ActivityStarter.startActivity(ActivityStarter.java:1255)
	at com.android.server.am.ActivityStarter.startActivity(ActivityStarter.java:694)
	at com.android.server.am.ActivityStarter.startActivityMayWait(ActivityStarter.java:2357)
	at com.android.server.am.ActivityStarter.execute(ActivityStarter.java:632)
	at com.android.server.am.ActivityManagerService.startActivityAndWait(ActivityManagerService.java:6163)
	at com.android.server.am.ActivityManagerShellCommand.runStartActivity(ActivityManagerShellCommand.java:474)
	at com.android.server.am.ActivityManagerShellCommand.onCommand(ActivityManagerShellCommand.java:161)
	at android.os.ShellCommand.exec(ShellCommand.java:103)
	at com.android.server.am.ActivityManagerService.onShellCommand(ActivityManagerService.java:18995)
	at android.os.Binder.shellCommand(Binder.java:634)
	at android.os.Binder.onTransact(Binder.java:532)
	at android.app.IActivityManager$Stub.onTransact(IActivityManager.java:3513)
	at com.android.server.am.ActivityManagerService.onTransact(ActivityManagerService.java:3809)
	at com.android.server.am.OppoActivityManagerService.onTransact(OppoActivityManagerService.java:942)
	at android.os.Binder.execTransact(Binder.java:731)'; Code: '255'
Build info: version: '3.141.59', revision: 'e82be7d358', time: '2018-11-14T08:17:03'
System info: host: 'LAPTOP-5UH6HAH1', ip: '192.168.56.1', os.name: 'Windows 10', os.arch: 'amd64', os.version: '10.0', java.version: '1.8.0_221'
Driver info: driver.version: RemoteWebDriver
remote stacktrace: UnknownError: An unknown server-side error occurred while processing the command. Original error: Cannot start the 'in.redbus.android' application. Visit https://github.com/appium/appium/blob/master/docs/en/writing-running-appium/android/activity-startup.md for troubleshooting. Original error: Error executing adbExec. Original error: 'Command ''E:\\Appium\\Android SDK\\platform-tools\\adb.exe' -P 5037 -s a8c810fd shell am start -W -n in.redbus.android/in.redbus.android.root.HomeScreen -S' exited with code 255'; Stderr: 'Security exception: Permission Denial: starting Intent { flg=0x10000000 cmp=in.redbus.android/.root.HomeScreen } from null (pid=14365, uid=2000) not exported from uid 10172

java.lang.SecurityException: Permission Denial: starting Intent { flg=0x10000000 cmp=in.redbus.android/.root.HomeScreen } from null (pid=14365, uid=2000) not exported from uid 10172
	at com.android.server.am.ActivityStackSupervisor.checkStartAnyActivityPermission(ActivityStackSupervisor.java:1957)
	at com.android.server.am.ActivityStarter.startActivity(ActivityStarter.java:1255)
	at com.android.server.am.ActivityStarter.startActivity(ActivityStarter.java:694)
	at com.android.server.am.ActivityStarter.startActivityMayWait(ActivityStarter.java:2357)
	at com.android.server.am.ActivityStarter.execute(ActivityStarter.java:632)
	at com.android.server.am.ActivityManagerService.startActivityAndWait(ActivityManagerService.java:6163)
	at com.android.server.am.ActivityManagerShellCommand.runStartActivity(ActivityManagerShellCommand.java:474)
	at com.android.server.am.ActivityManagerShellCommand.onCommand(ActivityManagerShellCommand.java:161)
	at android.os.ShellCommand.exec(ShellCommand.java:103)
	at com.android.server.am.ActivityManagerService.onShellCommand(ActivityManagerService.java:18995)
	at android.os.Binder.shellCommand(Binder.java:634)
	at android.os.Binder.onTransact(Binder.java:532)
	at android.app.IActivityManager$Stub.onTransact(IActivityManager.java:3513)
	at com.android.server.am.ActivityManagerService.onTransact(ActivityManagerService.java:3809)
	at com.android.server.am.OppoActivityManagerService.onTransact(OppoActivityManagerService.java:942)
	at android.os.Binder.execTransact(Binder.java:731)'; Code: '255'
    at getResponseForW3CError (C:\Users\uppal\AppData\Local\Programs\Appium\resources\app\node_modules\appium\node_modules\appium-base-driver\lib\protocol\errors.js:804:9)
    at asyncHandler (C:\Users\uppal\AppData\Local\Programs\Appium\resources\app\node_modules\appium\node_modules\appium-base-driver\lib\protocol\protocol.js:388:37)
    at process._tickCallback (internal/process/next_tick.js:68:7)
	at sun.reflect.NativeConstructorAccessorImpl.newInstance0(Native Method)
	at sun.reflect.NativeConstructorAccessorImpl.newInstance(NativeConstructorAccessorImpl.java:62)
	at sun.reflect.DelegatingConstructorAccessorImpl.newInstance(DelegatingConstructorAccessorImpl.java:45)
	at java.lang.reflect.Constructor.newInstance(Constructor.java:423)
	at org.openqa.selenium.remote.W3CHandshakeResponse.lambda$errorHandler$0(W3CHandshakeResponse.java:62)
	at org.openqa.selenium.remote.HandshakeResponse.lambda$getResponseFunction$0(HandshakeResponse.java:30)
	at org.openqa.selenium.remote.ProtocolHandshake.lambda$createSession$0(ProtocolHandshake.java:126)
	at java.util.stream.ReferencePipeline$3$1.accept(ReferencePipeline.java:193)
	at java.util.Spliterators$ArraySpliterator.tryAdvance(Spliterators.java:958)
	at java.util.stream.ReferencePipeline.forEachWithCancel(ReferencePipeline.java:126)
	at java.util.stream.AbstractPipeline.copyIntoWithCancel(AbstractPipeline.java:499)
	at java.util.stream.AbstractPipeline.copyInto(AbstractPipeline.java:486)
	at java.util.stream.AbstractPipeline.wrapAndCopyInto(AbstractPipeline.java:472)
	at java.util.stream.FindOps$FindOp.evaluateSequential(FindOps.java:152)
	at java.util.stream.AbstractPipeline.evaluate(AbstractPipeline.java:234)
	at java.util.stream.ReferencePipeline.findFirst(ReferencePipeline.java:464)
	at org.openqa.selenium.remote.ProtocolHandshake.createSession(ProtocolHandshake.java:128)
	at org.openqa.selenium.remote.ProtocolHandshake.createSession(ProtocolHandshake.java:74)
	at org.openqa.selenium.remote.HttpCommandExecutor.execute(HttpCommandExecutor.java:136)
	at org.openqa.selenium.remote.RemoteWebDriver.execute(RemoteWebDriver.java:552)
	at org.openqa.selenium.remote.RemoteWebDriver.startSession(RemoteWebDriver.java:213)
	at org.openqa.selenium.remote.RemoteWebDriver.<init>(RemoteWebDriver.java:131)
	at org.openqa.selenium.remote.RemoteWebDriver.<init>(RemoteWebDriver.java:144)
	at com.Appium.RedBus.beforeTest(RedBus.java:37)
	at sun.reflect.NativeMethodAccessorImpl.invoke0(Native Method)
	at sun.reflect.NativeMethodAccessorImpl.invoke(NativeMethodAccessorImpl.java:62)
	at sun.reflect.DelegatingMethodAccessorImpl.invoke(DelegatingMethodAccessorImpl.java:43)
	at java.lang.reflect.Method.invoke(Method.java:498)
	at org.testng.internal.MethodInvocationHelper.invokeMethod(MethodInvocationHelper.java:108)
	at org.testng.internal.Invoker.invokeConfigurationMethod(Invoker.java:523)
	at org.testng.internal.Invoker.invokeConfigurations(Invoker.java:224)
	at org.testng.internal.Invoker.invokeConfigurations(Invoker.java:146)
	at org.testng.TestRunner.beforeRun(TestRunner.java:626)
	at org.testng.TestRunner.run(TestRunner.java:594)
	at org.testng.SuiteRunner.runTest(SuiteRunner.java:380)
	at org.testng.SuiteRunner.runSequentially(SuiteRunner.java:375)
	at org.testng.SuiteRunner.privateRun(SuiteRunner.java:340)
	at org.testng.SuiteRunner.run(SuiteRunner.java:289)
	at org.testng.SuiteRunnerWorker.runSuite(SuiteRunnerWorker.java:52)
	at org.testng.SuiteRunnerWorker.run(SuiteRunnerWorker.java:86)
	at org.testng.TestNG.runSuitesSequentially(TestNG.java:1301)
	at org.testng.TestNG.runSuitesLocally(TestNG.java:1226)
	at org.testng.TestNG.runSuites(TestNG.java:1144)
	at org.testng.TestNG.run(TestNG.java:1115)
	at org.testng.remote.AbstractRemoteTestNG.run(AbstractRemoteTestNG.java:132)
	at org.testng.remote.RemoteTestNG.initAndRun(RemoteTestNG.java:230)
	at org.testng.remote.RemoteTestNG.main(RemoteTestNG.java:76)
]]>
    </error>
  </testcase> <!-- beforeTest -->
  <testcase name="bookATickets" time="0.001" classname="com.Appium.RedBus">
    <skipped/>
  </testcase> <!-- bookATickets -->
</testsuite> <!-- com.Appium.RedBus -->
